This is XeTeX, Version 3.1415926-2.2-0.9995.2 (TeX Live 2009/Debian) (format=xelatex 2011.1.6)  7 JAN 2011 15:43
entering extended mode
 restricted \write18 enabled.
 %&-line parsing enabled.
**lola-firtree-presentation
(./lola-firtree-presentation.tex
LaTeX2e <2009/09/24>
Babel <v3.8l> and hyphenation patterns for english, usenglishmax, dumylang, noh
yphenation, loaded.
(/usr/share/texmf/tex/latex/beamer/base/beamer.cls
(/usr/share/texmf/tex/latex/beamer/base/beamerbasercs.sty
Package: beamerbasercs 2007/01/28 (rcs-revision 1.4)
)
Document Class: beamer 2007/03/11 cvs version 3.07 A class for typesetting pres
entations (rcs-revision 1.70)
(/usr/share/texmf/tex/latex/beamer/base/beamerbasemodes.sty
Package: beamerbasemodes 2007/01/28 (rcs-revision 1.22)
\beamer@tempbox=\box26
\beamer@tempcount=\count80
\c@beamerpauses=\count81

(/usr/share/texmf/tex/latex/beamer/base/beamerbasedecode.sty
Package: beamerbasedecode 2007/01/28 (rcs-revision 1.20)
\beamer@slideinframe=\count82
\beamer@minimum=\count83
)
\beamer@commentbox=\box27
\beamer@modecount=\count84
)
\pdfoutput=\count85
\headheight=\dimen102
\headdp=\dimen103
\footheight=\dimen104
\sidebarheight=\dimen105
\beamer@tempdim=\dimen106
\beamer@finalheight=\dimen107
\beamer@animht=\dimen108
\beamer@animdp=\dimen109
\beamer@animwd=\dimen110
\beamer@leftmargin=\dimen111
\beamer@rightmargin=\dimen112
\beamer@leftsidebar=\dimen113
\beamer@rightsidebar=\dimen114
\beamer@boxsize=\dimen115
\beamer@vboxoffset=\dimen116
\beamer@descdefault=\dimen117
\beamer@descriptionwidth=\dimen118
\beamer@lastskip=\skip41
\beamer@areabox=\box28
\beamer@animcurrent=\box29
\beamer@animshowbox=\box30
\beamer@sectionbox=\box31
\beamer@logobox=\box32
\beamer@linebox=\box33
\beamer@sectioncount=\count86
\beamer@subsubsectionmax=\count87
\beamer@subsectionmax=\count88
\beamer@sectionmax=\count89
\beamer@totalheads=\count90
\beamer@headcounter=\count91
\beamer@partstartpage=\count92
\beamer@sectionstartpage=\count93
\beamer@subsectionstartpage=\count94
\beamer@animationtempa=\count95
\beamer@animationtempb=\count96
\beamer@xpos=\count97
\beamer@ypos=\count98
\beamer@showpartnumber=\count99
\beamer@currentsubsection=\count100
\beamer@coveringdepth=\count101
\beamer@sectionadjust=\count102
\beamer@tocsectionnumber=\count103

(/usr/share/texmf/tex/latex/beamer/base/beamerbaseoptions.sty
Package: beamerbaseoptions 2007/01/28 (rcs-revision 1.8)

(/usr/share/texmf-texlive/tex/latex/graphics/keyval.sty
Package: keyval 1999/03/16 v1.13 key=value parser (DPC)
\KV@toks@=\toks14
))
(/usr/share/texmf/tex/latex/pgf/basiclayer/pgfcore.sty
(/usr/share/texmf-texlive/tex/latex/graphics/graphicx.sty
Package: graphicx 1999/02/16 v1.0f Enhanced LaTeX Graphics (DPC,SPQR)

(/usr/share/texmf-texlive/tex/latex/graphics/graphics.sty
Package: graphics 2009/02/05 v1.0o Standard LaTeX Graphics (DPC,SPQR)

(/usr/share/texmf-texlive/tex/latex/graphics/trig.sty
Package: trig 1999/03/16 v1.09 sin cos tan (DPC)
)
(/etc/texmf/tex/latex/config/graphics.cfg
File: graphics.cfg 2009/08/28 v1.8 graphics configuration of TeX Live
)
Package graphics Info: Driver file: xetex.def on input line 91.

(/usr/share/texmf-texlive/tex/xelatex/xetex-def/xetex.def
File: xetex.def 2009/11/22 v0.94 LaTeX color/graphics driver for XeTeX (RRM/JK)

))
\Gin@req@height=\dimen119
\Gin@req@width=\dimen120
)
(/usr/share/texmf/tex/latex/pgf/systemlayer/pgfsys.sty
(/usr/share/texmf/tex/latex/pgf/utilities/pgfrcs.sty
(/usr/share/texmf/tex/generic/pgf/utilities/pgfutil-common.tex
\pgfutil@everybye=\toks15
)
(/usr/share/texmf/tex/generic/pgf/utilities/pgfutil-latex.def)
(/usr/share/texmf/tex/generic/pgf/utilities/pgfrcs.code.tex
Package: pgfrcs 2008/02/20 v2.00 (rcs-revision 1.21)
))
(/usr/share/texmf/tex/generic/pgf/systemlayer/pgfsys.code.tex
Package: pgfsys 2008/02/07 v2.00 (rcs-revision 1.31)

(/usr/share/texmf/tex/generic/pgf/utilities/pgfkeys.code.tex
\pgfkeys@pathtoks=\toks16
\pgfkeys@temptoks=\toks17
)
\pgf@x=\dimen121
\pgf@y=\dimen122
\pgf@xa=\dimen123
\pgf@ya=\dimen124
\pgf@xb=\dimen125
\pgf@yb=\dimen126
\pgf@xc=\dimen127
\pgf@yc=\dimen128
\c@pgf@counta=\count104
\c@pgf@countb=\count105
\c@pgf@countc=\count106
\c@pgf@countd=\count107

(/usr/share/texmf/tex/generic/pgf/systemlayer/pgf.cfg
File: pgf.cfg 2008/01/13  (rcs-revision 1.6)
)
Package pgfsys Info: Driver file for pgf: pgfsys-xetex.def on input line 885.

(/usr/share/texmf/tex/generic/pgf/systemlayer/pgfsys-xetex.def
File: pgfsys-xetex.def 2007/12/17  (rcs-revision 1.1)

(/usr/share/texmf/tex/generic/pgf/systemlayer/pgfsys-common-pdf.def
File: pgfsys-common-pdf.def 2007/12/17  (rcs-revision 1.8)
)
(/usr/share/texmf/tex/generic/pgf/systemlayer/pgfsys-common-pdf-via-dvi.def
File: pgfsys-common-pdf-via-dvi.def 2008/02/05  (rcs-revision 1.4)
)))
(/usr/share/texmf/tex/generic/pgf/systemlayer/pgfsyssoftpath.code.tex
File: pgfsyssoftpath.code.tex 2008/01/23  (rcs-revision 1.6)
\pgfsyssoftpath@smallbuffer@items=\count108
\pgfsyssoftpath@bigbuffer@items=\count109
)
(/usr/share/texmf/tex/generic/pgf/systemlayer/pgfsysprotocol.code.tex
File: pgfsysprotocol.code.tex 2006/10/16  (rcs-revision 1.4)
))
(/usr/share/texmf/tex/latex/xcolor/xcolor.sty
Package: xcolor 2007/01/21 v2.11 LaTeX color extensions (UK)

(/etc/texmf/tex/latex/config/color.cfg
File: color.cfg 2007/01/18 v1.5 color configuration of teTeX/TeXLive
)
Package xcolor Info: Driver file: xetex.def on input line 225.
Package xcolor Info: Model `cmy' substituted by `cmy0' on input line 1337.
Package xcolor Info: Model `RGB' extended on input line 1353.
Package xcolor Info: Model `HTML' substituted by `rgb' on input line 1355.
Package xcolor Info: Model `Hsb' substituted by `hsb' on input line 1356.
Package xcolor Info: Model `tHsb' substituted by `hsb' on input line 1357.
Package xcolor Info: Model `HSB' substituted by `hsb' on input line 1358.
Package xcolor Info: Model `Gray' substituted by `gray' on input line 1359.
Package xcolor Info: Model `wave' substituted by `hsb' on input line 1360.
)
(/usr/share/texmf/tex/generic/pgf/basiclayer/pgfcore.code.tex
Package: pgfcore 2008/01/15 v2.00 (rcs-revision 1.6)

(/usr/share/texmf/tex/generic/pgf/math/pgfmath.code.tex
(/usr/share/texmf/tex/generic/pgf/math/pgfmathcalc.code.tex
(/usr/share/texmf/tex/generic/pgf/math/pgfmathutil.code.tex
\pgfmath@box=\box34
)
(/usr/share/texmf/tex/generic/pgf/math/pgfmathparser.code.tex
\pgfmath@stack=\toks18
\c@pgfmath@parsecounta=\count110
\c@pgfmath@parsecountb=\count111
\c@pgfmath@parsecountc=\count112
\pgfmath@parsex=\dimen129
)
(/usr/share/texmf/tex/generic/pgf/math/pgfmathoperations.code.tex
(/usr/share/texmf/tex/generic/pgf/math/pgfmathtrig.code.tex)
(/usr/share/texmf/tex/generic/pgf/math/pgfmathrnd.code.tex))
(/usr/share/texmf/tex/generic/pgf/math/pgfmathbase.code.tex)))
(/usr/share/texmf/tex/generic/pgf/basiclayer/pgfcorepoints.code.tex
File: pgfcorepoints.code.tex 2008/02/03  (rcs-revision 1.13)
\pgf@picminx=\dimen130
\pgf@picmaxx=\dimen131
\pgf@picminy=\dimen132
\pgf@picmaxy=\dimen133
\pgf@pathminx=\dimen134
\pgf@pathmaxx=\dimen135
\pgf@pathminy=\dimen136
\pgf@pathmaxy=\dimen137
\pgf@xx=\dimen138
\pgf@xy=\dimen139
\pgf@yx=\dimen140
\pgf@yy=\dimen141
\pgf@zx=\dimen142
\pgf@zy=\dimen143
)
(/usr/share/texmf/tex/generic/pgf/basiclayer/pgfcorepathconstruct.code.tex
File: pgfcorepathconstruct.code.tex 2008/02/13  (rcs-revision 1.14)
\pgf@path@lastx=\dimen144
\pgf@path@lasty=\dimen145
)
(/usr/share/texmf/tex/generic/pgf/basiclayer/pgfcorepathusage.code.tex
File: pgfcorepathusage.code.tex 2008/01/23  (rcs-revision 1.11)
\pgf@shorten@end@additional=\dimen146
\pgf@shorten@start@additional=\dimen147
)
(/usr/share/texmf/tex/generic/pgf/basiclayer/pgfcorescopes.code.tex
File: pgfcorescopes.code.tex 2008/01/15  (rcs-revision 1.26)
\pgfpic=\box35
\pgf@hbox=\box36
\pgf@layerbox@main=\box37
\pgf@picture@serial@count=\count113
)
(/usr/share/texmf/tex/generic/pgf/basiclayer/pgfcoregraphicstate.code.tex
File: pgfcoregraphicstate.code.tex 2007/12/12  (rcs-revision 1.8)
\pgflinewidth=\dimen148
)
(/usr/share/texmf/tex/generic/pgf/basiclayer/pgfcoretransformations.code.tex
File: pgfcoretransformations.code.tex 2008/02/04  (rcs-revision 1.10)
\pgf@pt@x=\dimen149
\pgf@pt@y=\dimen150
\pgf@pt@temp=\dimen151
)
(/usr/share/texmf/tex/generic/pgf/basiclayer/pgfcorequick.code.tex
File: pgfcorequick.code.tex 2006/10/11  (rcs-revision 1.2)
)
(/usr/share/texmf/tex/generic/pgf/basiclayer/pgfcoreobjects.code.tex
File: pgfcoreobjects.code.tex 2006/10/11  (rcs-revision 1.2)
)
(/usr/share/texmf/tex/generic/pgf/basiclayer/pgfcorepathprocessing.code.tex
File: pgfcorepathprocessing.code.tex 2008/01/23  (rcs-revision 1.7)
)
(/usr/share/texmf/tex/generic/pgf/basiclayer/pgfcorearrows.code.tex
File: pgfcorearrows.code.tex 2007/06/07  (rcs-revision 1.8)
)
(/usr/share/texmf/tex/generic/pgf/basiclayer/pgfcoreshade.code.tex
File: pgfcoreshade.code.tex 2007/12/10  (rcs-revision 1.9)
\pgf@max=\dimen152
\pgf@sys@shading@range@num=\count114
)
(/usr/share/texmf/tex/generic/pgf/basiclayer/pgfcoreimage.code.tex
File: pgfcoreimage.code.tex 2008/01/15  (rcs-revision 1.1)
\pgfexternal@startupbox=\box38
)
(/usr/share/texmf/tex/generic/pgf/basiclayer/pgfcorelayers.code.tex
File: pgfcorelayers.code.tex 2008/01/15  (rcs-revision 1.1)
)
(/usr/share/texmf/tex/generic/pgf/basiclayer/pgfcoretransparency.code.tex
File: pgfcoretransparency.code.tex 2008/01/17  (rcs-revision 1.2)
)
(/usr/share/texmf/tex/generic/pgf/basiclayer/pgfcorepatterns.code.tex
File: pgfcorepatterns.code.tex 2008/01/15  (rcs-revision 1.1)
)))
(/usr/share/texmf/tex/latex/pgf/basiclayer/pgfbaseimage.sty

Package pgf Warning: This package is obsolete and no longer needed on input lin
e 13.

) (/usr/share/texmf/tex/latex/pgf/utilities/xxcolor.sty
Package: xxcolor 2003/10/24 ver 0.1
\XC@nummixins=\count115
\XC@countmixins=\count116
)
(/usr/share/texmf-texlive/tex/latex/amsfonts/amssymb.sty
Package: amssymb 2009/06/22 v3.00

(/usr/share/texmf-texlive/tex/latex/amsfonts/amsfonts.sty
Package: amsfonts 2009/06/22 v3.00 Basic AMSFonts support
\@emptytoks=\toks19
\symAMSa=\mathgroup4
\symAMSb=\mathgroup5
LaTeX Font Info:    Overwriting math alphabet `\mathfrak' in version `bold'
(Font)                  U/euf/m/n --> U/euf/b/n on input line 96.
))
(/usr/share/texmf-texlive/tex/latex/geometry/geometry.sty
Package: geometry 2008/12/21 v4.2 Page Geometry

(/usr/share/texmf-texlive/tex/generic/oberdiek/ifpdf.sty
Package: ifpdf 2009/04/10 v2.0 Provides the ifpdf switch (HO)


Package ifpdf Warning: Someone has redefined \pdfoutput.

Package ifpdf Info: pdfTeX in pdf mode not detected.
) (/usr/share/texmf-texlive/tex/generic/oberdiek/ifvtex.sty
Package: ifvtex 2008/11/04 v1.4 Switches for detecting VTeX and its modes (HO)
Package ifvtex Info: VTeX not detected.
)
\Gm@cnth=\count117
\Gm@cntv=\count118
\c@Gm@tempcnt=\count119
\Gm@bindingoffset=\dimen153
\Gm@wd@mp=\dimen154
\Gm@odd@mp=\dimen155
\Gm@even@mp=\dimen156
\Gm@dimlist=\toks20

(/usr/share/texmf-texlive/tex/xelatex/xetexconfig/geometry.cfg))
(/usr/share/texmf-texlive/tex/latex/hyperref/hyperref.sty
Package: hyperref 2009/10/09 v6.79a Hypertext links for LaTeX

(/usr/share/texmf-texlive/tex/generic/ifxetex/ifxetex.sty
Package: ifxetex 2009/01/23 v0.5 Provides ifxetex conditional
)
(/usr/share/texmf-texlive/tex/latex/oberdiek/hycolor.sty
Package: hycolor 2009/10/02 v1.5 Code for color options of hyperref/bookmark (H
O)

(/usr/share/texmf-texlive/tex/latex/oberdiek/xcolor-patch.sty
Package: xcolor-patch 2009/10/02 xcolor patch
))
\@linkdim=\dimen157
\Hy@linkcounter=\count120
\Hy@pagecounter=\count121

(/usr/share/texmf-texlive/tex/latex/hyperref/pd1enc.def
File: pd1enc.def 2009/10/09 v6.79a Hyperref: PDFDocEncoding definition (HO)
)
(/usr/share/texmf-texlive/tex/generic/oberdiek/etexcmds.sty
Package: etexcmds 2007/12/12 v1.2 Prefix for e-TeX command names (HO)

(/usr/share/texmf-texlive/tex/generic/oberdiek/infwarerr.sty
Package: infwarerr 2007/09/09 v1.2 Providing info/warning/message (HO)
)
Package etexcmds Info: Could not find \expanded.
(etexcmds)             That can mean that you are not using pdfTeX 1.50 or
(etexcmds)             that some package has redefined \expanded.
(etexcmds)             In the latter case, load this package earlier.
)
(/usr/share/texmf-texlive/tex/xelatex/xetexconfig/hyperref.cfg
File: hyperref.cfg 2008/07/11 v1.2 hyperref configuration for XeLaTeX
)
(/usr/share/texmf-texlive/tex/latex/oberdiek/kvoptions.sty
Package: kvoptions 2009/08/13 v3.4 Keyval support for LaTeX options (HO)

(/usr/share/texmf-texlive/tex/generic/oberdiek/kvsetkeys.sty
Package: kvsetkeys 2009/07/30 v1.5 Key value parser with default handler suppor
t (HO)
))
Package hyperref Info: Option `bookmarks' set `true' on input line 2864.
Package hyperref Info: Option `bookmarksopen' set `true' on input line 2864.
Package hyperref Info: Option `implicit' set `false' on input line 2864.
Package hyperref Info: Hyper figures OFF on input line 2975.
Package hyperref Info: Link nesting OFF on input line 2980.
Package hyperref Info: Hyper index ON on input line 2983.
Package hyperref Info: Plain pages OFF on input line 2990.
Package hyperref Info: Backreferencing OFF on input line 2995.

Implicit mode OFF; no redefinition of LaTeX internals
Package hyperref Info: Bookmarks ON on input line 3191.
(/usr/share/texmf-texlive/tex/latex/ltxmisc/url.sty
\Urlmuskip=\muskip10
Package: url 2006/04/12  ver 3.3  Verb mode for urls, etc.
)
LaTeX Info: Redefining \url on input line 3428.

(/usr/share/texmf-texlive/tex/generic/oberdiek/bitset.sty
Package: bitset 2007/09/28 v1.0 Data type bit set (HO)

(/usr/share/texmf-texlive/tex/generic/oberdiek/intcalc.sty
Package: intcalc 2007/09/27 v1.1 Expandable integer calculations (HO)
)
(/usr/share/texmf-texlive/tex/generic/oberdiek/bigintcalc.sty
Package: bigintcalc 2007/11/11 v1.1 Expandable big integer calculations (HO)

(/usr/share/texmf-texlive/tex/generic/oberdiek/pdftexcmds.sty
Package: pdftexcmds 2009/09/23 v0.6 LuaTeX support for pdfTeX utility functions
 (HO)

(/usr/share/texmf-texlive/tex/generic/oberdiek/ifluatex.sty
Package: ifluatex 2009/04/17 v1.2 Provides the ifluatex switch (HO)
Package ifluatex Info: LuaTeX not detected.
)
(/usr/share/texmf-texlive/tex/generic/oberdiek/ltxcmds.sty
Package: ltxcmds 2009/08/05 v1.0 Some LaTeX kernel commands for general use (HO
)
)
Package pdftexcmds Info: LuaTeX not detected.
Package pdftexcmds Info: pdfTeX >= 1.30 not detected.
Package pdftexcmds Info: \pdf@primitive is available.
Package pdftexcmds Info: \pdf@ifprimitive is available.
)))
\Fld@menulength=\count122
\Field@Width=\dimen158
\Fld@charsize=\dimen159
\Field@toks=\toks21
Package hyperref Info: Hyper figures OFF on input line 4377.
Package hyperref Info: Link nesting OFF on input line 4382.
Package hyperref Info: Hyper index ON on input line 4385.
Package hyperref Info: backreferencing OFF on input line 4392.
Package hyperref Info: Link coloring OFF on input line 4397.
Package hyperref Info: Link coloring with OCG OFF on input line 4402.
Package hyperref Info: PDF/A mode OFF on input line 4407.

(/usr/share/texmf-texlive/tex/generic/oberdiek/atbegshi.sty
Package: atbegshi 2008/07/31 v1.9 At begin shipout hook (HO)
)

Package hyperref Warning: Option `pdfpagelabels' is turned off
(hyperref)                because \thepage is undefined.

Hyperref stopped early
)
*hyperref using default driver hdvipdfm*
(/usr/share/texmf-texlive/tex/latex/hyperref/hdvipdfm.def
File: hdvipdfm.def 2009/10/09 v6.79a Hyperref driver for dvipdfm
\pdfm@box=\box39
\c@Hy@AnnotLevel=\count123
\HyField@AnnotCount=\count124
\Fld@listcount=\count125
)
(/usr/share/texmf-texlive/tex/latex/base/size11.clo
File: size11.clo 2007/10/19 v1.4h Standard LaTeX file (size option)
)
(/usr/share/texmf/tex/latex/beamer/base/beamerbasecompatibility.sty
Package: beamerbasecompatibility 2007/01/28  (rcs-revision 1.63)
)
(/usr/share/texmf/tex/latex/beamer/base/beamerbasefont.sty
Package: beamerbasefont 2007/01/28  (rcs-revision 1.16)
)
(/usr/share/texmf/tex/latex/beamer/base/beamerbasemisc.sty
Package: beamerbasemisc 2007/01/28  (rcs-revision 1.24)
)
(/usr/share/texmf/tex/latex/beamer/base/beamerbasetwoscreens.sty
Package: beamerbasetwoscreens 2007/01/28  (rcs-revision 1.7)
)
(/usr/share/texmf/tex/latex/beamer/base/beamerbaseoverlay.sty
Package: beamerbaseoverlay 2007/01/28  (rcs-revision 1.50)
\beamer@argscount=\count126
\beamer@lastskipcover=\skip42
\beamer@trivlistdepth=\count127
)
(/usr/share/texmf/tex/latex/beamer/base/beamerbasetitle.sty
Package: beamerbasetitle 2007/01/28  (rcs-revision 1.25)
)
(/usr/share/texmf/tex/latex/beamer/base/beamerbasesection.sty
Package: beamerbasesection 2007/01/28  (rcs-revision 1.21)
\c@lecture=\count128
\c@part=\count129
\c@section=\count130
\c@subsection=\count131
\c@subsubsection=\count132
)
(/usr/share/texmf/tex/latex/beamer/base/beamerbaseframe.sty
Package: beamerbaseframe 2007/01/28  (rcs-revision 1.60)
\beamer@framebox=\box40
\beamer@frametitlebox=\box41
\beamer@zoombox=\box42
\beamer@zoomcount=\count133
\beamer@zoomframecount=\count134
\beamer@frametextheight=\dimen160
\c@subsectionslide=\count135
\beamer@frametopskip=\skip43
\beamer@framebottomskip=\skip44
\beamer@frametopskipautobreak=\skip45
\beamer@framebottomskipautobreak=\skip46
\beamer@envbody=\toks22
\c@framenumber=\count136
)
(/usr/share/texmf/tex/latex/beamer/base/beamerbaseverbatim.sty
Package: beamerbaseverbatim 2007/01/28  (rcs-revision 1.8)
\beamer@verbatimfileout=\write3
)
(/usr/share/texmf/tex/latex/beamer/base/beamerbaseframesize.sty
Package: beamerbaseframesize 2007/01/28  (rcs-revision 1.18)
\beamer@splitbox=\box43
\beamer@autobreakcount=\count137
\beamer@autobreaklastheight=\dimen161
\beamer@frametitletoks=\toks23
\beamer@framesubtitletoks=\toks24
)
(/usr/share/texmf/tex/latex/beamer/base/beamerbaseframecomponents.sty
Package: beamerbaseframecomponents 2007/01/28  (rcs-revision 1.41)
\beamer@footins=\box44
)
(/usr/share/texmf/tex/latex/beamer/base/beamerbasecolor.sty
Package: beamerbasecolor 2007/01/28  (rcs-revision 1.42)
)
(/usr/share/texmf/tex/latex/beamer/base/beamerbasenotes.sty
Package: beamerbasenotes 2007/01/28  (rcs-revision 1.23)
\beamer@frameboxcopy=\box45
)
(/usr/share/texmf/tex/latex/beamer/base/beamerbasetoc.sty
Package: beamerbasetoc 2007/01/28  (rcs-revision 1.21)
)
(/usr/share/texmf/tex/latex/beamer/base/beamerbasetemplates.sty
Package: beamerbasetemplates 2007/01/28  (rcs-revision 1.51)
\beamer@sbttoks=\toks25

(/usr/share/texmf/tex/latex/beamer/base/beamerbaseauxtemplates.sty
Package: beamerbaseauxtemplates 2007/01/28  (rcs-revision 1.28)

(/usr/share/texmf/tex/latex/beamer/base/beamerbaseboxes.sty
Package: beamerbaseboxes 2007/03/11  (rcs-revision 1.32)
\bmb@box=\box46
\bmb@colorbox=\box47
\bmb@boxshadow=\box48
\bmb@boxshadowball=\box49
\bmb@boxshadowballlarge=\box50
\bmb@temp=\dimen162
\bmb@dima=\dimen163
\bmb@dimb=\dimen164
\bmb@prevheight=\dimen165
)
\beamer@blockheadheight=\dimen166
))
(/usr/share/texmf/tex/latex/beamer/base/beamerbaselocalstructure.sty
Package: beamerbaselocalstructure 2007/01/28  (rcs-revision 1.53)

(/usr/share/texmf-texlive/tex/latex/tools/enumerate.sty
Package: enumerate 1999/03/05 v3.00 enumerate extensions (DPC)
\@enLab=\toks26
)
\c@figure=\count138
\c@table=\count139
\abovecaptionskip=\skip47
\belowcaptionskip=\skip48
)
(/usr/share/texmf/tex/latex/beamer/base/beamerbasenavigation.sty
Package: beamerbasenavigation 2007/01/28  (rcs-revision 1.36)
)
(/usr/share/texmf/tex/latex/beamer/base/beamerbasetheorems.sty
Package: beamerbasetheorems 2007/01/28  (rcs-revision 1.10)

(/usr/share/texmf-texlive/tex/latex/translator/translator.sty
Package: translator 2007/03/11 ver 1.00

(/usr/share/texmf-texlive/tex/latex/translator/translator-language-mappings.tex
)) (/usr/share/texmf-texlive/tex/latex/amsmath/amsmath.sty
Package: amsmath 2000/07/18 v2.13 AMS math features
\@mathmargin=\skip49

For additional information on amsmath, use the `?' option.
(/usr/share/texmf-texlive/tex/latex/amsmath/amstext.sty
Package: amstext 2000/06/29 v2.01

(/usr/share/texmf-texlive/tex/latex/amsmath/amsgen.sty
File: amsgen.sty 1999/11/30 v2.0
\@emptytoks=\toks27
\ex@=\dimen167
))
(/usr/share/texmf-texlive/tex/latex/amsmath/amsbsy.sty
Package: amsbsy 1999/11/29 v1.2d
\pmbraise@=\dimen168
)
(/usr/share/texmf-texlive/tex/latex/amsmath/amsopn.sty
Package: amsopn 1999/12/14 v2.01 operator names
)
\inf@bad=\count140
LaTeX Info: Redefining \frac on input line 211.
\uproot@=\count141
\leftroot@=\count142
LaTeX Info: Redefining \overline on input line 307.
\classnum@=\count143
\DOTSCASE@=\count144
LaTeX Info: Redefining \ldots on input line 379.
LaTeX Info: Redefining \dots on input line 382.
LaTeX Info: Redefining \cdots on input line 467.
\Mathstrutbox@=\box51
\strutbox@=\box52
\big@size=\dimen169
LaTeX Font Info:    Redeclaring font encoding OML on input line 567.
LaTeX Font Info:    Redeclaring font encoding OMS on input line 568.
\macc@depth=\count145
\c@MaxMatrixCols=\count146
\dotsspace@=\muskip11
\c@parentequation=\count147
\dspbrk@lvl=\count148
\tag@help=\toks28
\row@=\count149
\column@=\count150
\maxfields@=\count151
\andhelp@=\toks29
\eqnshift@=\dimen170
\alignsep@=\dimen171
\tagshift@=\dimen172
\tagwidth@=\dimen173
\totwidth@=\dimen174
\lineht@=\dimen175
\@envbody=\toks30
\multlinegap=\skip50
\multlinetaggap=\skip51
\mathdisplay@stack=\toks31
LaTeX Info: Redefining \[ on input line 2666.
LaTeX Info: Redefining \] on input line 2667.
)
(/usr/share/texmf-texlive/tex/latex/amscls/amsthm.sty
Package: amsthm 2004/08/06 v2.20
\thm@style=\toks32
\thm@bodyfont=\toks33
\thm@headfont=\toks34
\thm@notefont=\toks35
\thm@headpunct=\toks36
\thm@preskip=\skip52
\thm@postskip=\skip53
\thm@headsep=\skip54
\dth@everypar=\toks37
)
\c@theorem=\count152
)
(/usr/share/texmf/tex/latex/beamer/base/beamerbasethemes.sty
Package: beamerbasethemes 2007/01/28  (rcs-revision 1.10)
)
(/usr/share/texmf/tex/latex/beamer/themes/theme/beamerthemedefault.sty
Package: beamerthemedefault 2007/01/28  (rcs-revision 1.7)

(/usr/share/texmf/tex/latex/beamer/themes/font/beamerfontthemedefault.sty
Package: beamerfontthemedefault 2007/01/28  (rcs-revision 1.13)
)
(/usr/share/texmf/tex/latex/beamer/themes/color/beamercolorthemedefault.sty
Package: beamercolorthemedefault 2007/01/28  (rcs-revision 1.28)
)
(/usr/share/texmf/tex/latex/beamer/themes/inner/beamerinnerthemedefault.sty
Package: beamerinnerthemedefault 2007/01/28  (rcs-revision 1.20)
\beamer@dima=\dimen176
\beamer@dimb=\dimen177
)
(/usr/share/texmf/tex/latex/beamer/themes/outer/beamerouterthemedefault.sty
Package: beamerouterthemedefault 2007/01/28  (rcs-revision 1.14)
)))
(/usr/share/texmf-texlive/tex/latex/etex-pkg/etex.sty
Package: etex 1998/03/26 v2.0 eTeX basic definition package (PEB)
\et@xins=\count153
)
(/home/rjw57/texmf/tex/latex/cambridge-beamer/beamerthemecambridge.sty
(/home/rjw57/texmf/tex/latex/cambridge-beamer/beamerinnerthemecambridge.sty
\cam@inner@pitch=\skip55
\oversized@paperwidth=\skip56
\oversized@paperheight=\skip57
)
(/home/rjw57/texmf/tex/latex/cambridge-beamer/beamerouterthemecambridge.sty
\cam@outer@pitch=\skip58
)
(/home/rjw57/texmf/tex/latex/cambridge-beamer/beamercolorthemecambridge.sty
(/home/rjw57/texmf/tex/latex/cambridge-beamer/cambridgecolours.sty)))
(/usr/share/texmf/tex/latex/beamer/themes/font/beamerfontthemeprofessionalfonts
.sty
Package: beamerfontthemeprofessionalfonts 2007/01/28  (rcs-revision 1.3)
) (/usr/share/texmf-texlive/tex/latex/program/program.sty
\@gtempa=\dimen178
\@gtempa=\dimen179
\@gtempa=\dimen180
\@gtempa=\dimen181
\@gtempa=\dimen182
\@gtempa=\dimen183
\@gtempa=\dimen184
\@gtempa=\dimen185
\@gtempa=\dimen186
\@gtempa=\dimen187
\@gtempa=\dimen188
\@gtempa=\dimen189
\@gtempa=\dimen190
\@gtempa=\dimen191
\@gtempa=\dimen192
\@gtempa=\dimen193
\@gtempa=\dimen194
\@gtempa=\dimen195
\@gtempa=\dimen196
\@gtempa=\dimen197
\@gtempa=\dimen198
\@gtempa=\dimen199
\@gtempa=\dimen200
\@gtempa=\dimen201
\@gtempa=\dimen202
\@gtempa=\dimen203
\@gtempa=\dimen204
\@gtempa=\dimen205
\@gtempa=\dimen206
\@gtempa=\dimen207
\@gtempa=\dimen208
\@gtempa=\dimen209
\@gtempa=\dimen210
\@gtempa=\dimen211
\@gtempa=\dimen212
\@gtempa=\dimen213
\@gtempa=\dimen214
\@gtempa=\dimen215
\@gtempa=\dimen216
\@gtempa=\dimen217
\@gtempa=\dimen218
\@gtempa=\dimen219
\@gtempa=\dimen220
\@gtempa=\dimen221
\@gtempa=\dimen222
\@gtempa=\dimen223
\@gtempa=\dimen224
\@gtempa=\dimen225
\@gtempa=\dimen226
\@gtempa=\dimen227
\c@programline=\count154
\old@nxttabmar=\count155
\symeulerletters=\mathgroup6
\powersetbox=\box53
LaTeX Font Info:    Try loading font information for U+msa on input line 839.

(/usr/share/texmf-texlive/tex/latex/amsfonts/umsa.fd
File: umsa.fd 2009/06/22 v3.00 AMS symbols A
)
LaTeX Font Info:    Try loading font information for U+msb on input line 839.

(/usr/share/texmf-texlive/tex/latex/amsfonts/umsb.fd
File: umsb.fd 2009/06/22 v3.00 AMS symbols B
)
LaTeX Font Info:    Try loading font information for U+eur on input line 839.

(/usr/share/texmf-texlive/tex/latex/amsfonts/ueur.fd
File: ueur.fd 2009/06/22 v3.00 Euler Roman
))
(/usr/share/texmf-texlive/tex/generic/babel/babel.sty
Package: babel 2008/07/06 v3.8l The Babel package

(/usr/share/texmf-texlive/tex/generic/babel/english.ldf
Language: english 2005/03/30 v3.3o English support from the babel system

(/usr/share/texmf-texlive/tex/generic/babel/babel.def
File: babel.def 2008/07/06 v3.8l Babel common definitions
LaTeX Info: Redefining \textlatin on input line 82.
\babel@savecnt=\count156
\U@D=\dimen228
)
\l@british = a dialect from \language\l@english 
\l@UKenglish = a dialect from \language\l@english 
\l@canadian = a dialect from \language\l@american 
\l@australian = a dialect from \language\l@british 
\l@newzealand = a dialect from \language\l@british 
))
(/usr/share/texmf-texlive/tex/latex/listings/listings.sty
\lst@mode=\count157
\lst@gtempboxa=\box54
\lst@token=\toks38
\lst@length=\count158
\lst@currlwidth=\dimen229
\lst@column=\count159
\lst@pos=\count160
\lst@lostspace=\dimen230
\lst@width=\dimen231
\lst@newlines=\count161
\lst@lineno=\count162
\lst@maxwidth=\dimen232

(/usr/share/texmf-texlive/tex/latex/listings/lstmisc.sty
File: lstmisc.sty 2007/02/22 1.4 (Carsten Heinz)
\c@lstnumber=\count163
\lst@skipnumbers=\count164
\lst@framebox=\box55
)
(/usr/share/texmf-texlive/tex/latex/listings/listings.cfg
File: listings.cfg 2007/02/22 1.4 listings configuration
))
Package: listings 2007/02/22 1.4 (Carsten Heinz)

(/usr/share/texmf-texlive/tex/xelatex/fontspec/fontspec.sty
Package: fontspec 2008/08/09 v1.18 Advanced font selection for XeLaTeX
\c@zf@newff=\count165
\c@zf@index=\count166
\c@zf@script=\count167
\c@zf@language=\count168

(/usr/share/texmf-texlive/tex/latex/tools/calc.sty
Package: calc 2007/08/22 v4.3 Infix arithmetic (KKT,FJ)
\calc@Acount=\count169
\calc@Bcount=\count170
\calc@Adimen=\dimen233
Normal \dimen register pool exhausted, switching to extended pool.
\calc@Bdimen=\dimen256
\calc@Askip=\skip59
\calc@Bskip=\skip60
LaTeX Info: Redefining \setlength on input line 76.
LaTeX Info: Redefining \addtolength on input line 77.
\calc@Ccount=\count171
\calc@Cskip=\skip61
)
(/usr/share/texmf-texlive/tex/latex/xkeyval/xkeyval.sty
Package: xkeyval 2008/08/13 v2.6a package option processing (HA)

(/usr/share/texmf-texlive/tex/generic/xkeyval/xkeyval.tex
\XKV@toks=\toks39
\XKV@tempa@toks=\toks40
\XKV@depth=\count172
File: xkeyval.tex 2008/08/13 v2.6a key=value parser (HA)
))
LaTeX Info: Redefining \itshape on input line 1163.
LaTeX Info: Redefining \slshape on input line 1166.
LaTeX Info: Redefining \scshape on input line 1169.
LaTeX Info: Redefining \upshape on input line 1172.

fontspec.cfg loaded.
(/usr/share/texmf-texlive/tex/xelatex/fontspec/fontspec.cfg))
(/usr/share/texmf-texlive/tex/xelatex/xunicode/xunicode.sty
File: xunicode.sty 2008/02/08 v0.91 provides access to latin accents and many o
ther characters in Unicode lower plane
LaTeX Info: Redefining \T on input line 2207.
)
(/usr/share/texmf-texlive/tex/xelatex/xltxtra/xltxtra.sty
Package: xltxtra 2009/09/02 v0.5 Improvements for the "XeLaTeX" format

(/usr/share/texmf-texlive/tex/latex/metalogo/metalogo.sty
Package: metalogo 2009/09/04 v0.11 Extended TeX logo macros
\xl@everylogo=\toks41
\xl@@everylogo=\toks42
LaTeX Info: Redefining \TeX on input line 193.
LaTeX Info: Redefining \LaTeX on input line 202.
LaTeX Info: Redefining \LaTeXe on input line 219.
)
(/usr/share/texmf-texlive/tex/latex/base/fixltx2e.sty
Package: fixltx2e 2006/09/13 v1.1m fixes to LaTeX
LaTeX Info: Redefining \em on input line 420.
LaTeX Info: The control sequence `\[' is already robust on input line 471.
LaTeX Info: The control sequence `\]' is already robust on input line 472.
)
LaTeX Info: Redefining \em on input line 72.
LaTeX Info: Redefining \emph on input line 81.
LaTeX Info: Redefining \- on input line 86.
LaTeX Info: Redefining \textsubscript on input line 105.
LaTeX Info: Redefining \textsuperscript on input line 107.
\xxt@tempbox=\box56
)
\c@zf@famc@Myriad Pro Light=\count173
Package fontspec Info: Defining font family for 'Myriad Pro Light' with options
 [] on input line 55.
\c@zf@famc@Times New Roman=\count174
Package fontspec Info: Defining font family for 'Times New Roman' with options 
[] on input line 56.
\c@zf@famc@Andale Mono=\count175
Package fontspec Info: Defining font family for 'Andale Mono' with options [] o
n input line 57.
Package fontspec Info: Could not resolve font Andale Mono/B (it might not exist
) on input line 57.
Package fontspec Info: Could not resolve font Andale Mono/I (it might not exist
) on input line 57.
Package fontspec Info: Could not resolve font Andale Mono/BI (it might not exis
t) on input line 57.

(./lola-firtree-presentation.aux)
\openout1 = `lola-firtree-presentation.aux'.

LaTeX Font Info:    Checking defaults for OML/cmm/m/it on input line 106.
LaTeX Font Info:    ... okay on input line 106.
LaTeX Font Info:    Checking defaults for T1/cmr/m/n on input line 106.
LaTeX Font Info:    ... okay on input line 106.
LaTeX Font Info:    Checking defaults for OT1/cmr/m/n on input line 106.
LaTeX Font Info:    ... okay on input line 106.
LaTeX Font Info:    Checking defaults for OMS/cmsy/m/n on input line 106.
LaTeX Font Info:    ... okay on input line 106.
LaTeX Font Info:    Checking defaults for OMX/cmex/m/n on input line 106.
LaTeX Font Info:    ... okay on input line 106.
LaTeX Font Info:    Checking defaults for U/cmr/m/n on input line 106.
LaTeX Font Info:    ... okay on input line 106.
LaTeX Font Info:    Checking defaults for PD1/pdf/m/n on input line 106.
LaTeX Font Info:    ... okay on input line 106.

*geometry detected driver: pdftex*
-------------------- Geometry parameters
paper: user defined
landscape: --
twocolumn: --
twoside: --
asymmetric: --
h-parts: 18.21365pt, 327.76805pt, 18.21365pt
v-parts: 0.0pt, 273.14662pt, 0.0pt
hmarginratio: --
vmarginratio: --
lines: --
heightrounded: --
bindingoffset: 0.0pt
truedimen: --
includehead: true
includefoot: true
includemp: --
driver: pdftex
-------------------- Page layout dimensions and switches
\paperwidth  364.19536pt
\paperheight 273.14662pt
\textwidth  327.76805pt
\textheight 244.6939pt
\oddsidemargin  -54.05634pt
\evensidemargin -54.05634pt
\topmargin  -72.26999pt
\headheight 14.22636pt
\headsep    0.0pt
\footskip   14.22636pt
\marginparwidth 4.0pt
\marginparsep   10.0pt
\columnsep  10.0pt
\skip\footins  10.0pt plus 4.0pt minus 2.0pt
\hoffset 0.0pt
\voffset 0.0pt
\mag 1000

(1in=72.27pt, 1cm=28.45pt)
-----------------------
Package hyperref Info: Link coloring OFF on input line 106.
(/usr/share/texmf-texlive/tex/latex/hyperref/nameref.sty
Package: nameref 2007/05/29 v2.31 Cross-referencing by name of section

(/usr/share/texmf-texlive/tex/latex/oberdiek/refcount.sty
Package: refcount 2008/08/11 v3.1 Data extraction from references (HO)
)
\c@section@level=\count176
)
LaTeX Info: Redefining \ref on input line 106.
LaTeX Info: Redefining \pageref on input line 106.

(./lola-firtree-presentation.out) (./lola-firtree-presentation.out)
\@outlinefile=\write4
\openout4 = `lola-firtree-presentation.out'.

\AtBeginShipoutBox=\box57

(/usr/share/texmf-texlive/tex/latex/translator/translator-theorem-dictionary-En
glish.dict
Dictionary: translator-theorem-dictionary, Language: English 
)
\c@lstlisting=\count177
Package fontspec Info: Adjusting the maths setup (use [no-math] to avoid this).
 on input line 106.
\symlegacymaths=\mathgroup7
LaTeX Font Info:    Overwriting symbol font `legacymaths' in version `bold'
(Font)                  OT1/cmr/m/n --> OT1/cmr/bx/n on input line 106.
LaTeX Font Info:    Redeclaring math accent \acute on input line 106.
LaTeX Font Info:    Redeclaring math accent \grave on input line 106.
LaTeX Font Info:    Redeclaring math accent \ddot on input line 106.
LaTeX Font Info:    Redeclaring math accent \tilde on input line 106.
LaTeX Font Info:    Redeclaring math accent \bar on input line 106.
LaTeX Font Info:    Redeclaring math accent \breve on input line 106.
LaTeX Font Info:    Redeclaring math accent \check on input line 106.
LaTeX Font Info:    Redeclaring math accent \hat on input line 106.
LaTeX Font Info:    Redeclaring math accent \dot on input line 106.
LaTeX Font Info:    Redeclaring math accent \mathring on input line 106.
LaTeX Font Info:    Redeclaring math symbol \Gamma on input line 106.
LaTeX Font Info:    Redeclaring math symbol \Delta on input line 106.
LaTeX Font Info:    Redeclaring math symbol \Theta on input line 106.
LaTeX Font Info:    Redeclaring math symbol \Lambda on input line 106.
LaTeX Font Info:    Redeclaring math symbol \Xi on input line 106.
LaTeX Font Info:    Redeclaring math symbol \Pi on input line 106.
LaTeX Font Info:    Redeclaring math symbol \Sigma on input line 106.
LaTeX Font Info:    Redeclaring math symbol \Upsilon on input line 106.
LaTeX Font Info:    Redeclaring math symbol \Phi on input line 106.
LaTeX Font Info:    Redeclaring math symbol \Psi on input line 106.
LaTeX Font Info:    Redeclaring math symbol \Omega on input line 106.
LaTeX Font Info:    Redeclaring math symbol \mathdollar on input line 106.
LaTeX Font Info:    Redeclaring symbol font `operators' on input line 106.
LaTeX Font Info:    Encoding `OT1' has changed to `U' for symbol font
(Font)              `operators' in the math version `normal' on input line 106.

LaTeX Font Info:    Overwriting symbol font `operators' in version `normal'
(Font)                  OT1/cmr/m/n --> U/TimesNewRoman(0)/m/n on input line 10
6.
LaTeX Font Info:    Encoding `OT1' has changed to `U' for symbol font
(Font)              `operators' in the math version `bold' on input line 106.
LaTeX Font Info:    Overwriting symbol font `operators' in version `bold'
(Font)                  OT1/cmr/bx/n --> U/TimesNewRoman(0)/m/n on input line 1
06.
LaTeX Font Info:    Overwriting symbol font `operators' in version `normal'
(Font)                  U/TimesNewRoman(0)/m/n --> U/TimesNewRoman(0)/m/n on in
put line 106.
LaTeX Font Info:    Overwriting math alphabet `\mathrm' in version `normal'
(Font)                  U/TimesNewRoman(0)/m/n --> U/TimesNewRoman(0)/m/n on in
put line 106.
LaTeX Font Info:    Overwriting math alphabet `\mathit' in version `normal'
(Font)                  OT1/cmr/m/it --> U/TimesNewRoman(0)/m/it on input line 
106.
LaTeX Font Info:    Overwriting math alphabet `\mathbf' in version `normal'
(Font)                  OT1/cmr/bx/n --> U/TimesNewRoman(0)/bx/n on input line 
106.
LaTeX Font Info:    Overwriting math alphabet `\mathsf' in version `normal'
(Font)                  OT1/cmss/m/n --> U/MyriadProLight(0)/m/n on input line 
106.
LaTeX Font Info:    Overwriting math alphabet `\mathtt' in version `normal'
(Font)                  OT1/cmtt/m/n --> U/AndaleMono(0)/m/n on input line 106.

LaTeX Font Info:    Overwriting symbol font `operators' in version `bold'
(Font)                  U/TimesNewRoman(0)/m/n --> U/TimesNewRoman(0)/bx/n on i
nput line 106.
LaTeX Font Info:    Overwriting math alphabet `\mathrm' in version `bold'
(Font)                  U/TimesNewRoman(0)/m/n --> U/TimesNewRoman(0)/bx/n on i
nput line 106.
LaTeX Font Info:    Overwriting math alphabet `\mathit' in version `bold'
(Font)                  OT1/cmr/bx/it --> U/TimesNewRoman(0)/bx/it on input lin
e 106.
LaTeX Font Info:    Overwriting math alphabet `\mathsf' in version `bold'
(Font)                  OT1/cmss/bx/n --> U/MyriadProLight(0)/bx/n on input lin
e 106.
LaTeX Font Info:    Overwriting math alphabet `\mathtt' in version `bold'
(Font)                  OT1/cmtt/m/n --> U/AndaleMono(0)/bx/n on input line 106
.
 (./lola-firtree-presentation.nav)
File: uc-rev-cmyk.pdf Graphic file (type QTm)
 <use  "uc-rev-cmyk.pdf" >
Overfull \hbox (2.73749pt too wide) detected at line 110
 [] 
 []

File: uc-cmyk.pdf Graphic file (type QTm)
<use  "uc-cmyk.pdf" >
Overfull \hbox (2.73749pt too wide) detected at line 110
 [] 
 []


Overfull \hbox (2.73749pt too wide) detected at line 110
 [] 
 []


Overfull \hbox (2.73749pt too wide) detected at line 110
 [] 
 []

[1

]
Overfull \hbox (2.73749pt too wide) detected at line 112
 [] 
 []


Overfull \hbox (2.73749pt too wide) detected at line 112
 [] 
 []


Overfull \hbox (2.73749pt too wide) detected at line 112
 [] 
 []


Overfull \hbox (2.73749pt too wide) detected at line 112
 [] 
 []

[2

] (./lola-firtree-presentation.toc)
File: uc-rev-cmyk.pdf Graphic file (type QTm)
 <use  "uc-rev-cmyk.pdf" > [3

]
Package fontspec Info: Defining font family for 'Myriad Pro Light' with options
 [,VerticalPosition=Superior] on input line 129.
File: uc-rev-cmyk.pdf Graphic file (type QTm)

<use  "uc-rev-cmyk.pdf" > [4

]
File: uc-rev-cmyk.pdf Graphic file (type QTm)
 <use  "uc-rev-cmyk.pdf" > [5

]
File: uc-rev-cmyk.pdf Graphic file (type QTm)

<use  "uc-rev-cmyk.pdf" > [6

]
File: uc-rev-cmyk.pdf Graphic file (type QTm)
 <use  "uc-rev-cmyk.pdf" > [7

]
(./lola-firtree-presentation.toc)
File: uc-rev-cmyk.pdf Graphic file (type QTm)
 <use  "uc-rev-cmyk.pdf" > [8

]
File: uc-rev-cmyk.pdf Graphic file (type QTm)

<use  "uc-rev-cmyk.pdf" > [9

]
(/usr/share/texmf-texlive/tex/latex/listings/lstlang1.sty
File: lstlang1.sty 2004/09/05 1.3 listings language file
)
(/usr/share/texmf-texlive/tex/latex/listings/lstmisc.sty
File: lstmisc.sty 2007/02/22 1.4 (Carsten Heinz)
) (./c-example.c)
Overfull \vbox (17.99245pt too high) detected at line 226
 []

[10

]
File: uc-rev-cmyk.pdf Graphic file (type QTm)
 <use  "uc-rev-cmyk.pdf" > [11

] (./lola-firtree-presentation.toc)
File: uc-rev-cmyk.pdf Graphic file (type QTm)

<use  "uc-rev-cmyk.pdf" > [12

]
File: uc-rev-cmyk.pdf Graphic file (type QTm)
 <use  "uc-rev-cmyk.pdf" > [13

]
(./glsl-example.glsl) (./glsl-example.c) [14

]
File: uc-rev-cmyk.pdf Graphic file (type QTm)
 <use  "uc-rev-cmyk.pdf" >
[15

] (./lola-firtree-presentation.toc)
File: uc-rev-cmyk.pdf Graphic file (type QTm)
 <use  "uc-rev-cmyk.pdf" > [16

]
File: uc-rev-cmyk.pdf Graphic file (type QTm)

<use  "uc-rev-cmyk.pdf" > [17

]
(/usr/share/texmf-texlive/tex/latex/listings/lstlang1.sty
File: lstlang1.sty 2004/09/05 1.3 listings language file
)
(./coreimage-example.m) [18

] (./ci-example.knl) [19

]
File: uc-rev-cmyk.pdf Graphic file (type QTm)
 <use  "uc-rev-cmyk.pdf" >
[20

] (./lola-firtree-presentation.toc)
File: uc-rev-cmyk.pdf Graphic file (type QTm)
 <use  "uc-rev-cmyk.pdf" > [21

]
File: uc-rev-cmyk.pdf Graphic file (type QTm)

<use  "uc-rev-cmyk.pdf" > [22

]
File: uc-rev-cmyk.pdf Graphic file (type QTm)
 <use  "uc-rev-cmyk.pdf" > [23

]
File: uc-rev-cmyk.pdf Graphic file (type QTm)

<use  "uc-rev-cmyk.pdf" > [24

]
File: uc-rev-cmyk.pdf Graphic file (type QTm)
 <use  "uc-rev-cmyk.pdf" > [25

]
File: uc-rev-cmyk.pdf Graphic file (type QTm)

<use  "uc-rev-cmyk.pdf" > [26

]
Overfull \hbox (2.73749pt too wide) detected at line 444
 [] 
 []


Overfull \hbox (2.73749pt too wide) detected at line 444
 [] 
 []


Overfull \hbox (2.73749pt too wide) detected at line 444
 [] 
 []


Overfull \hbox (2.73749pt too wide) detected at line 444
 [] 
 []

[27

] (./lola-firtree-presentation.toc)
File: uc-rev-cmyk.pdf Graphic file (type QTm)
 <use  "uc-rev-cmyk.pdf" > [28

]
File: uc-rev-cmyk.pdf Graphic file (type QTm)

<use  "uc-rev-cmyk.pdf" > [29

]
File: uc-rev-cmyk.pdf Graphic file (type QTm)
 <use  "uc-rev-cmyk.pdf" > [30

]
(./lola-firtree-presentation.toc)
File: uc-rev-cmyk.pdf Graphic file (type QTm)
 <use  "uc-rev-cmyk.pdf" > [31

]
File: uc-rev-cmyk.pdf Graphic file (type QTm)

<use  "uc-rev-cmyk.pdf" > [32

] (./gobject-example.c)
File: uc-rev-cmyk.pdf Graphic file (type QTm)
 <use  "uc-rev-cmyk.pdf" >
[33

] (./lola-firtree-presentation.toc)
File: uc-rev-cmyk.pdf Graphic file (type QTm)
 <use  "uc-rev-cmyk.pdf" > [34

]
File: uc-rev-cmyk.pdf Graphic file (type QTm)

<use  "uc-rev-cmyk.pdf" > [35

]
File: simple-pipeline.png Graphic file (type QTm)
 <use  "simple-pipeline.png" > [36

]
(/usr/share/texmf-texlive/tex/latex/listings/lstlang1.sty
File: lstlang1.sty 2004/09/05 1.3 listings language file
)
(./examples/reduce/example1.py
Overfull \hbox (1.6353pt too wide) in paragraph at lines 7--9
[][][][][][][][][][][][][][][][][][][][][][][][][][][][][][] 
 []

) [37

] (./examples/reduce/example1.py) [38

]
File: examples/reduce/lena.png Graphic file (type QTm)
 <use  "examples/reduce/lena.png" >
File: examples/reduce/output_example1.png Graphic file (type QTm)

<use  "examples/reduce/output_example1.png" > [39

]
File: uc-rev-cmyk.pdf Graphic file (type QTm)
 <use  "uc-rev-cmyk.pdf" >
[40

]
File: uc-rev-cmyk.pdf Graphic file (type QTm)
 <use  "uc-rev-cmyk.pdf" > [41

]
File: uc-rev-cmyk.pdf Graphic file (type QTm)
 <use  "uc-rev-cmyk.pdf" > [42

]
Overfull \hbox (2.73749pt too wide) detected at line 630
 [] 
 []


Overfull \hbox (2.73749pt too wide) detected at line 630
 [] 
 []


Overfull \hbox (2.73749pt too wide) detected at line 630
 [] 
 []


Overfull \hbox (2.73749pt too wide) detected at line 630
 [] 
 []

[43

] (./lola-firtree-presentation.toc)
File: uc-rev-cmyk.pdf Graphic file (type QTm)
 <use  "uc-rev-cmyk.pdf" > [44

]
File: uc-rev-cmyk.pdf Graphic file (type QTm)

<use  "uc-rev-cmyk.pdf" > [45

]
File: desat-pipeline.png Graphic file (type QTm)
 <use  "desat-pipeline.png" > [46

]
(./examples/reduce/example2.py
Overfull \hbox (7.03535pt too wide) in paragraph at lines 8--9
[][][][][][][][][][][][][][][][][][][][][][][][][][][][][][][][][][][][][][][][
][][][][][][][][][][][][][][][][][][][] 
 []


Overfull \hbox (12.43541pt too wide) in paragraph at lines 9--10
[][][][][][][][][][][][][][][][][][][][][][][][][][][][][][][][][][][][][][][][
][][][][][][][][][][] 
 []

)
Overfull \vbox (17.99245pt too high) detected at line 648
 []

[47

] (./examples/reduce/example2.py
Overfull \hbox (1.6353pt too wide) in paragraph at lines 26--28
[][][][][][][][][][][][][][][][][][][][][][][][][][][][][][] 
 []

)
Overfull \vbox (17.99245pt too high) detected at line 652
 []

[48

] (./examples/reduce/example2.py) [49

]
File: examples/reduce/lena.png Graphic file (type QTm)
 <use  "examples/reduce/lena.png" >
File: examples/reduce/output_example2.png Graphic file (type QTm)

<use  "examples/reduce/output_example2.png" > [50

]
File: uc-rev-cmyk.pdf Graphic file (type QTm)
 <use  "uc-rev-cmyk.pdf" >
[51

]
File: sobel-1-pipeline.png Graphic file (type QTm)
 <use  "sobel-1-pipeline.png" > [52

] (./examples/reduce/example3.py)
(./examples/reduce/example3.py) (./examples/reduce/example3.py)
(./examples/reduce/example3.py) [53

] (./examples/reduce/sobel.knl
Overfull \hbox (12.43541pt too wide) in paragraph at lines 11--12
[][][][][][][][][][][][][][][][][][][][][][][][][][][][][][][][][][][][][][][][
][][][][][][][][][][][][][][][][][][][][][][][][][][][][][][][][][][][][][][][]
[] 
 []

)
Overfull \vbox (6.99245pt too high) detected at line 713
 []

[54

] (./examples/reduce/sobel.knl) [55

]
File: examples/reduce/lena.png Graphic file (type QTm)
 <use  "examples/reduce/lena.png" >
File: examples/reduce/output_example3.png Graphic file (type QTm)

<use  "examples/reduce/output_example3.png" > [56

]
(./examples/reduce/example4.py)
File: uc-rev-cmyk.pdf Graphic file (type QTm)
 <use  "uc-rev-cmyk.pdf" > [57

]
File: sobel-2-pipeline.png Graphic file (type QTm)

<use  "sobel-2-pipeline.png" > [58

]
File: examples/reduce/lena.png Graphic file (type QTm)
 <use  "examples/reduce/lena.png" >
File: examples/reduce/output_example4.png Graphic file (type QTm)

<use  "examples/reduce/output_example4.png" > [59

] (./examples/mandelbrot.py)
(./examples/mandelbrot.py
Overfull \hbox (23.23552pt too wide) in paragraph at lines 39--40
[][][][][][][][][][][][][][][][][][][][][][][][][][][] 
 []

) (./examples/mandelbrot.py)
Overfull \vbox (33.99245pt too high) detected at line 761
 []

[60

] (./examples/mandelbrot.py) [61

]
File: examples/mandelbrot.png Graphic file (type QTm)
 <use  "examples/mandelbrot.png" >
Overfull \vbox (14.89844pt too high) detected at line 772
 []

[62

]
File: uc-rev-cmyk.pdf Graphic file (type QTm)
 <use  "uc-rev-cmyk.pdf" > [63

] (./examples/reduce/example6.py) [64

]
(./examples/reduce/example6.py
Overfull \hbox (7.03535pt too wide) in paragraph at lines 92--93
[][][][][][][][][][][][][][][][][][][][][][][][][][][][][][][][][][][][][][][][
][][][][][][][][][][][][][][][][][][][][][][][][][][][][][][][][][][][][][][][]
[][][][] 
 []

) [65

] (./examples/reduce/example6.py
Overfull \hbox (82.63612pt too wide) in paragraph at lines 107--108
[][][][][][][][][][][][][][][][][][][][][][][][][][][][][][][][][][][][][][][][
][][][][][][][][][][][][][][][][][] 
 []


Overfull \hbox (50.2358pt too wide) in paragraph at lines 108--109
[][][][][][][][][][][][][][][][][][][][][][][][][][][][][][][][][][][][][][][] 

 []


Overfull \hbox (39.43568pt too wide) in paragraph at lines 109--110
[][][][][][][][][][][][][][][][][][][][][][][][][][][][][][][][][][][][][][][] 

 []

) [66

]
File: examples/reduce/lena.png Graphic file (type QTm)
 <use  "examples/reduce/lena.png" >
File: examples/reduce/output_example6.png Graphic file (type QTm)

<use  "examples/reduce/output_example6.png" > [67

]
(./examples/reduce/example7.py
Overfull \hbox (34.03563pt too wide) in paragraph at lines 102--103
[][][][][][][][][][][][][][][][][][][][][][][][][][][][][][][][][][][][][][][][
][][][][][][][][][][][][][][][] 
 []


Overfull \hbox (7.03535pt too wide) in paragraph at lines 103--104
[][][][][][][][][][][][][][][][][][][][][][][][][][][][][][][][][][][][][][][] 

 []

)
Overfull \vbox (28.99245pt too high) detected at line 818
 []

[68

]
File: examples/reduce/lena.png Graphic file (type QTm)
 <use  "examples/reduce/lena.png" >
File: examples/reduce/output_example7.png Graphic file (type QTm)

<use  "examples/reduce/output_example7.png" > [69

]
File: uc-rev-cmyk.pdf Graphic file (type QTm)
 <use  "uc-rev-cmyk.pdf" >
[70

]
File: firtree-pipeline-image.png Graphic file (type QTm)
 <use  "firtree-pipeline-image.png" >
Overfull \vbox (16.90659pt too high) detected at line 850
 []

[71

]
Overfull \hbox (2.73749pt too wide) detected at line 854
 [] 
 []


Overfull \hbox (2.73749pt too wide) detected at line 854
 [] 
 []


Overfull \hbox (2.73749pt too wide) detected at line 854
 [] 
 []


Overfull \hbox (2.73749pt too wide) detected at line 854
 [] 
 []

[72

] (./lola-firtree-presentation.toc)
File: uc-rev-cmyk.pdf Graphic file (type QTm)
 <use  "uc-rev-cmyk.pdf" > [73

]
File: uc-rev-cmyk.pdf Graphic file (type QTm)

<use  "uc-rev-cmyk.pdf" > [74

]
File: uc-rev-cmyk.pdf Graphic file (type QTm)
 <use  "uc-rev-cmyk.pdf" > [75

]
File: uc-rev-cmyk.pdf Graphic file (type QTm)

<use  "uc-rev-cmyk.pdf" > [76

] (./examples/reduce/example1.py)
(./examples/reduce/example1_asm.txt
Overfull \hbox (28.93541pt too wide) in paragraph at lines 7--8
[][][][][][][][][][][][][][][][] 
 []

)
File: uc-rev-cmyk.pdf Graphic file (type QTm)
 <use  "uc-rev-cmyk.pdf" > [77

] (./examples/sin-kernel.knl)
(./examples/sin-asm.txt
Overfull \hbox (7.03535pt too wide) in paragraph at lines 6--7
[][][][][][][][][][][][][][][][] 
 []


Overfull \hbox (12.43541pt too wide) in paragraph at lines 10--11
[][][][][][][][][][][][][][][][][][][][][][][][][][][][] 
 []


Overfull \hbox (12.43541pt too wide) in paragraph at lines 12--13
[][][][][][][][][][][][][][][][][][][][][][][][][][][][] 
 []

)
Overfull \vbox (14.99245pt too high) detected at line 919
 []

[78

]
File: examples/sin-example.png Graphic file (type QTm)
 <use  "examples/sin-example.png" >
Overfull \vbox (13.0pt too high) detected at line 925
 []

[79

] (./examples/sin-example-2.knl)
File: uc-rev-cmyk.pdf Graphic file (type QTm)
 <use  "uc-rev-cmyk.pdf" > [80

]
(./examples/sin-kernel.knl) (./examples/sin-image-kernel-asm.txt
Overfull \hbox (88.03618pt too wide) in paragraph at lines 3--4
[][][][][][][][][][][][][][][][][][][][][][][][][][][][][][][][][][][][][][][][
] 
 []


Overfull \hbox (34.03563pt too wide) in paragraph at lines 4--6
[][][][][][][][][][][][][][][][][][][][][][][][][][][][][][][][][][][][][][][][
] 
 []


Overfull \hbox (23.23552pt too wide) in paragraph at lines 9--10
[][][][][][][][][][][][][][][][][][][][][][][][][][][][][][][][][][][] 
 []


Overfull \hbox (34.03563pt too wide) in paragraph at lines 11--12
[][][][][][][][][][][][][][][][][][][][][][][][][][][][][][][][][][][] 
 []


Overfull \hbox (12.43541pt too wide) in paragraph at lines 12--13
[][][][][][][][][][][][][][][][][][][][][][][][][][][][] 
 []


Overfull \hbox (71.83601pt too wide) in paragraph at lines 14--15
[][][][][][][][][][][][][][][][][][][][][][][][][][][][][][][][][][][][][][][][
][][][] 
 []


Overfull \hbox (93.43623pt too wide) in paragraph at lines 17--18
[][][][][][][][][][][][][][][][][][][][][][][][][][][][][][][][][][][][][][][][
][][][][][] 
 []


Overfull \hbox (44.83574pt too wide) in paragraph at lines 18--19
[][][][][][][][][][][][][][][][][][][][][][][][][][][][][][][][][][][][][][][][
][][][][][] 
 []

)
Overfull \hbox (9.19666pt too wide) in paragraph at lines 942--942
[]  
 []

[81

] (./examples/sin-asm-2.txt
Overfull \hbox (109.6364pt too wide) in paragraph at lines 3--5
[][][][][][][][][][][][][][][][][][][][][][][][][][][][][][][][][][][][][][][][
][][][][][][][][][][] 
 []


Overfull \hbox (7.03535pt too wide) in paragraph at lines 7--8
[][][][][][][][][][][][][][][][] 
 []


Overfull \hbox (66.43596pt too wide) in paragraph at lines 9--10
[][][][][][][][][][][][][][][][][][][][][][][][][][][][][][][][][][][][][][][][
][][][] 
 []


Overfull \hbox (28.63557pt too wide) in paragraph at lines 11--12
[][][][][][][][][][][][][][][][][][][][][][][][][][][][][][][][][][][][][][][][
][][][][] 
 []


Overfull \hbox (93.43623pt too wide) in paragraph at lines 12--13
[][][][][][][][][][][][][][][][][][][][][][][][][][][][][][][][][][][][][][][][
][][][][][][][] 
 []


Overfull \hbox (93.43623pt too wide) in paragraph at lines 16--17
[][][][][][][][][][][][][][][][][][][][][][][][][][][][][][][][][][][][][][][][
][][][][][][][] 
 []

)
Overfull \hbox (0.28528pt too wide) in paragraph at lines 948--948
[]  
 []

File: uc-rev-cmyk.pdf Graphic file (type QTm)
<use  "uc-rev-cmyk.pdf" > [82

]
File: examples/sin-example-2.png Graphic file (type QTm)
 <use  "examples/sin-example-2.png" >
Overfull \vbox (13.0pt too high) detected at line 954
 []

[83

]
File: uc-rev-cmyk.pdf Graphic file (type QTm)
 <use  "uc-rev-cmyk.pdf" > [84

] (./lola-firtree-presentation.toc)
File: uc-rev-cmyk.pdf Graphic file (type QTm)

<use  "uc-rev-cmyk.pdf" > [85

]
File: uc-rev-cmyk.pdf Graphic file (type QTm)
 <use  "uc-rev-cmyk.pdf" > [86

]
(./examples/simple-x86.txt
Overfull \hbox (53.8376pt too wide) in paragraph at lines 4--5
[][][][][][][][][][][][][][][][][] 
 []


Overfull \hbox (107.83815pt too wide) in paragraph at lines 6--7
[][][][][][][][][]
 []


Overfull \hbox (93.438pt too wide) in paragraph at lines 7--8
[][][][][][][][][][][]
 []


Overfull \hbox (53.8376pt too wide) in paragraph at lines 8--9
[][][][][][][][][][][][][][][][][] 
 []


Overfull \hbox (107.83815pt too wide) in paragraph at lines 10--11
[][][][][][][][][]
 []


Overfull \hbox (93.438pt too wide) in paragraph at lines 11--12
[][][][][][][][][][][]
 []


Overfull \hbox (107.83815pt too wide) in paragraph at lines 12--13
[][][][][][][][][]
 []


Overfull \hbox (93.438pt too wide) in paragraph at lines 13--14
[][][][][][][][][][][]
 []


Overfull \hbox (107.83815pt too wide) in paragraph at lines 14--15
[][][][][][][][][]
 []


Overfull \hbox (93.438pt too wide) in paragraph at lines 15--16
[][][][][][][][][][][]
 []


Overfull \hbox (61.03767pt too wide) in paragraph at lines 16--17
[][][][][][][][][][][][][][][][][] 
 []


Overfull \hbox (107.83815pt too wide) in paragraph at lines 18--19
[][][][][][][][][]
 []


Overfull \hbox (93.438pt too wide) in paragraph at lines 22--23
[][][][][][][][][] 
 []


Overfull \hbox (129.43837pt too wide) in paragraph at lines 23--24
[][][][][][][][][][][] 
 []


Overfull \hbox (107.83815pt too wide) in paragraph at lines 24--25
[][][][][][][][]
 []


Overfull \hbox (61.03767pt too wide) in paragraph at lines 24--25
[][][][] 
 []


Overfull \hbox (107.83815pt too wide) in paragraph at lines 25--26
[][][][][][][][][]
 []


Overfull \hbox (107.83815pt too wide) in paragraph at lines 34--35
[][][][][][][][][]
 []


Overfull \hbox (107.83815pt too wide) in paragraph at lines 38--39
[][][][][][][][][]
 []


Overfull \hbox (107.83815pt too wide) in paragraph at lines 72--73
[][][][][][][][][]
 []


Overfull \hbox (158.23866pt too wide) in paragraph at lines 73--74
[][][][][][][][][][][][] 
 []

)
Overfull \hbox (154.63863pt too wide) in paragraph at lines 74--997
[][][][][][][][][][] 
 []


Overfull \hbox (7.3983pt too wide) in paragraph at lines 997--997
[][]  
 []

(./examples/simple-x86.txt
Overfull \hbox (122.2383pt too wide) in paragraph at lines 75--76
[][][][][][][][]
 []


Overfull \hbox (122.2383pt too wide) in paragraph at lines 76--77
[][][][][][][][]
 []


Overfull \hbox (107.83815pt too wide) in paragraph at lines 91--92
[][][][][][][][][]
 []


Overfull \hbox (158.23866pt too wide) in paragraph at lines 92--93
[][][][][][][][][][][][] 
 []


Overfull \hbox (187.03896pt too wide) in paragraph at lines 93--94
[][][][][][][][][][][][][][] 
 []


Overfull \hbox (107.83815pt too wide) in paragraph at lines 96--97
[][][][][][][][][]
 []


Overfull \hbox (158.23866pt too wide) in paragraph at lines 97--98
[][][][][][][][][][][][] 
 []


Overfull \hbox (187.03896pt too wide) in paragraph at lines 98--99
[][][][][][][][][][][][][][] 
 []


Overfull \hbox (107.83815pt too wide) in paragraph at lines 104--105
[][][][][][][][][]
 []


Overfull \hbox (158.23866pt too wide) in paragraph at lines 105--106
[][][][][][][][][][][][] 
 []


Overfull \hbox (154.63863pt too wide) in paragraph at lines 106--107
[][][][][][][][][][] 
 []


Overfull \hbox (151.03859pt too wide) in paragraph at lines 107--108
[][][][][][][][][][] 
 []


Overfull \hbox (205.03914pt too wide) in paragraph at lines 108--109
[][][][][][][][][][][][][][][][] 
 []


Overfull \hbox (107.83815pt too wide) in paragraph at lines 124--125
[][][][][][][][][]
 []


Overfull \hbox (158.23866pt too wide) in paragraph at lines 125--126
[][][][][][][][][][][][] 
 []


Overfull \hbox (190.63899pt too wide) in paragraph at lines 126--127
[][][][][][][][][][][][][][] 
 []


Overfull \hbox (151.03859pt too wide) in paragraph at lines 127--128
[][][][][][][][][][] 
 []


Overfull \hbox (205.03914pt too wide) in paragraph at lines 128--129
[][][][][][][][][][][][][][][][] 
 []


Overfull \hbox (43.03749pt too wide) in paragraph at lines 130--131
[][][][][][][][][][][][][][][] 
 []


Overfull \hbox (107.83815pt too wide) in paragraph at lines 145--146
[][][][][][][][][]
 []


Overfull \hbox (3.43709pt too wide) in paragraph at lines 145--146
[][][][][][][] 
 []


Overfull \hbox (158.23866pt too wide) in paragraph at lines 146--147
[][][][][][][][][][][][] 
 []


Overfull \hbox (190.63899pt too wide) in paragraph at lines 147--148
[][][][][][][][][][][][][][] 
 []

)
Overfull \hbox (151.03859pt too wide) in paragraph at lines 148--997
[][][][][][][][][][] 
 []

(./examples/simple-x86.txt
Overfull \hbox (205.03914pt too wide) in paragraph at lines 149--150
[][][][][][][][][][][][][][][][] 
 []


Overfull \hbox (107.83815pt too wide) in paragraph at lines 167--168
[][][][][][][][][]
 []


Overfull \hbox (158.23866pt too wide) in paragraph at lines 168--169
[][][][][][][][][][][][] 
 []


Overfull \hbox (187.03896pt too wide) in paragraph at lines 169--170
[][][][][][][][][][][][][][] 
 []


Overfull \hbox (107.83815pt too wide) in paragraph at lines 179--180
[][][][][][][][][]
 []


Overfull \hbox (107.83815pt too wide) in paragraph at lines 186--187
[][][][][][][][][]
 []


Overfull \hbox (158.23866pt too wide) in paragraph at lines 187--188
[][][][][][][][][][][][] 
 []


Overfull \hbox (187.03896pt too wide) in paragraph at lines 188--189
[][][][][][][][][][][][][][] 
 []


Overfull \hbox (107.83815pt too wide) in paragraph at lines 193--194
[][][][][][][][][]
 []


Overfull \hbox (158.23866pt too wide) in paragraph at lines 194--195
[][][][][][][][][][][][] 
 []


Overfull \hbox (154.63863pt too wide) in paragraph at lines 195--196
[][][][][][][][][][] 
 []


Overfull \hbox (151.03859pt too wide) in paragraph at lines 196--197
[][][][][][][][][][] 
 []


Overfull \hbox (205.03914pt too wide) in paragraph at lines 197--198
[][][][][][][][][][][][][][][][] 
 []


Overfull \hbox (107.83815pt too wide) in paragraph at lines 208--209
[][][][][][][][][]
 []


Overfull \hbox (158.23866pt too wide) in paragraph at lines 209--210
[][][][][][][][][][][][] 
 []


Overfull \hbox (190.63899pt too wide) in paragraph at lines 210--211
[][][][][][][][][][][][][][] 
 []


Overfull \hbox (151.03859pt too wide) in paragraph at lines 211--212
[][][][][][][][][][] 
 []


Overfull \hbox (205.03914pt too wide) in paragraph at lines 212--213
[][][][][][][][][][][][][][][][] 
 []


Overfull \hbox (107.83815pt too wide) in paragraph at lines 215--216
[][][][][][][][][]
 []


Overfull \hbox (53.8376pt too wide) in paragraph at lines 215--216
[][][][][][][][][] 
 []


Overfull \hbox (158.23866pt too wide) in paragraph at lines 216--217
[][][][][][][][][][][][] 
 []


Overfull \hbox (190.63899pt too wide) in paragraph at lines 217--218
[][][][][][][][][][][][][][] 
 []


Overfull \hbox (151.03859pt too wide) in paragraph at lines 218--219
[][][][][][][][][][] 
 []


Overfull \hbox (205.03914pt too wide) in paragraph at lines 219--220
[][][][][][][][][][][][][][][][] 
 []

)
Overfull \hbox (266.23976pt too wide) in paragraph at lines 222--997
[][][][][][][][][][][][][] 
 []


Overfull \hbox (5.23825pt too wide) in paragraph at lines 997--997
[][]  
 []

[87

] (./lola-firtree-presentation.toc)
File: uc-rev-cmyk.pdf Graphic file (type QTm)
 <use  "uc-rev-cmyk.pdf" > [88

]
File: uc-rev-cmyk.pdf Graphic file (type QTm)

<use  "uc-rev-cmyk.pdf" > [89

]
File: uc-rev-cmyk.pdf Graphic file (type QTm)
 <use  "uc-rev-cmyk.pdf" > [90

] [91

]
\tf@nav=\write5
\openout5 = `lola-firtree-presentation.nav'.

\tf@toc=\write6
\openout6 = `lola-firtree-presentation.toc'.

\tf@snm=\write7
\openout7 = `lola-firtree-presentation.snm'.


(./lola-firtree-presentation.aux) ) 
Here is how much of TeX's memory you used:
 20240 strings out of 495724
 345872 string characters out of 1189347
 704015 words of memory out of 3000000
 22754 multiletter control sequences out of 15000+50000
 16233 words of font info for 97 fonts, out of 3000000 for 9000
 28 hyphenation exceptions out of 8191
 52i,16n,97p,353b,1491s stack positions out of 5000i,500n,10000p,200000b,50000s

Output written on lola-firtree-presentation.pdf (91 pages).
